<?xml version="1.0" encoding="utf-8"?><testsuites name="pytest tests"><testsuite name="pytest" errors="0" failures="0" skipped="0" tests="10" time="3.301" timestamp="2026-07-24T14:53:40.393698+00:00" hostname="agent-env-efb806fd-053b-4b27-9b8b-22cc187d290c"><testcase classname="tests.test_iteration8_reports_staff_expenses" name="test_root_ok" time="0.347" /><testcase classname="tests.test_iteration8_reports_staff_expenses" name="test_staff_report_empty_shape_no_query" time="0.140" /><testcase classname="tests.test_iteration8_reports_staff_expenses" name="test_staff_report_far_past_zero" time="0.221" /><testcase classname="tests.test_iteration8_reports_staff_expenses" name="test_expenses_report_empty_shape_no_query" time="0.135" /><testcase classname="tests.test_iteration8_reports_staff_expenses" name="test_expenses_report_far_past_zero" time="0.197" /><testcase classname="tests.test_iteration8_reports_staff_expenses" name="test_staff_report_populated" time="1.492" /><testcase classname="tests.test_iteration8_reports_staff_expenses" name="test_expenses_report_populated" time="0.105" /><testcase classname="tests.test_iteration8_reports_staff_expenses" name="test_daily_report_shape" time="0.114" /><testcase classname="tests.test_iteration8_reports_staff_expenses" name="test_admin_dashboard_401_without_token" time="0.142" /><testcase classname="tests.test_iteration8_reports_staff_expenses" name="test_staff_post_401_without_token" time="0.359" /></testsuite></testsuites>