<?xml version="1.0" encoding="utf-8"?><testsuites name="pytest tests"><testsuite name="pytest" errors="0" failures="0" skipped="0" tests="13" time="2.083" timestamp="2026-07-24T12:21:14.419114+00:00" hostname="agent-env-efb806fd-053b-4b27-9b8b-22cc187d290c"><testcase classname="tests.test_iteration5_fixes.TestRootAndAuth" name="test_root_ok" time="0.249" /><testcase classname="tests.test_iteration5_fixes.TestRootAndAuth" name="test_admin_dashboard_no_token_401" time="0.045" /><testcase classname="tests.test_iteration5_fixes.TestRootAndAuth" name="test_admin_dashboard_invalid_token_401" time="0.044" /><testcase classname="tests.test_iteration5_fixes.TestTransactionsNoLeak" name="test_1_no_open_shift_returns_empty" time="0.182" /><testcase classname="tests.test_iteration5_fixes.TestTransactionsNoLeak" name="test_2_open_shift_shows_only_current" time="0.205" /><testcase classname="tests.test_iteration5_fixes.TestTransactionsNoLeak" name="test_3_close_shift_returns_empty_again" time="0.180" /><testcase classname="tests.test_iteration5_fixes.TestTransactionsNoLeak" name="test_4_explicit_shift_id_still_works" time="0.047" /><testcase classname="tests.test_iteration5_fixes.TestIdempotency" name="test_1_setup_shift_and_bank" time="0.405" /><testcase classname="tests.test_iteration5_fixes.TestIdempotency" name="test_2_same_client_id_returns_same_txn_cash" time="0.086" /><testcase classname="tests.test_iteration5_fixes.TestIdempotency" name="test_3_upi_dup_only_increments_bank_once" time="0.309" /><testcase classname="tests.test_iteration5_fixes.TestIdempotency" name="test_4_different_client_id_creates_distinct_txn" time="0.094" /><testcase classname="tests.test_iteration5_fixes.TestIdempotency" name="test_5_omit_client_id_creates_new_each_time" time="0.089" /><testcase classname="tests.test_iteration5_fixes.TestIdempotency" name="test_6_cleanup" time="0.091" /></testsuite></testsuites>