<?xml version="1.0" encoding="utf-8"?><testsuites name="pytest tests"><testsuite name="pytest" errors="0" failures="0" skipped="0" tests="16" time="3.225" timestamp="2026-07-24T12:51:16.025614+00:00" hostname="agent-env-efb806fd-053b-4b27-9b8b-22cc187d290c"><testcase classname="tests.test_iteration7_admin_guard_and_shift.TestStaffAuthGate" name="test_post_staff_without_token_401" time="0.401" /><testcase classname="tests.test_iteration7_admin_guard_and_shift.TestStaffAuthGate" name="test_patch_staff_without_token_401" time="0.281" /><testcase classname="tests.test_iteration7_admin_guard_and_shift.TestShiftAndUpiFlow" name="test_open_shift_without_drawer_context" time="1.167" /><testcase classname="tests.test_iteration7_admin_guard_and_shift.TestStaffAuthGate" name="test_delete_staff_without_token_401" time="0.145" /><testcase classname="tests.test_iteration7_admin_guard_and_shift.TestStaffAuthGate" name="test_post_staff_with_token_success" time="0.667" /><testcase classname="tests.test_iteration7_admin_guard_and_shift.TestShiftAndUpiFlow" name="test_upi_transaction_with_bank" time="0.524" /><testcase classname="tests.test_iteration7_admin_guard_and_shift.TestStaffAuthGate" name="test_patch_staff_with_token_success" time="0.473" /><testcase classname="tests.test_iteration7_admin_guard_and_shift.TestShiftAndUpiFlow" name="test_upi_requires_bank_id" time="0.143" /><testcase classname="tests.test_iteration7_admin_guard_and_shift.TestShiftAndUpiFlow" name="test_close_shift_offline" time="0.199" /><testcase classname="tests.test_iteration7_admin_guard_and_shift.TestStaffAuthGate" name="test_delete_staff_with_token_success" time="0.304" /><testcase classname="tests.test_iteration7_admin_guard_and_shift.TestOtherMutationsStillGuarded" name="test_post_banks_without_token_401" time="0.099" /><testcase classname="tests.test_iteration7_admin_guard_and_shift.TestOtherMutationsStillGuarded" name="test_delete_reason_without_token_401" time="0.098" /><testcase classname="tests.test_iteration7_admin_guard_and_shift.TestIdempotencyRegression" name="test_same_client_id_returns_same_txn" time="0.519" /><testcase classname="tests.test_iteration7_admin_guard_and_shift.TestPublicReads" name="test_get_staff_public" time="0.139" /><testcase classname="tests.test_iteration7_admin_guard_and_shift.TestPublicReads" name="test_get_banks_public" time="0.097" /><testcase classname="tests.test_iteration7_admin_guard_and_shift.TestPublicReads" name="test_get_reasons_public" time="0.097" /></testsuite></testsuites>