<?xml version="1.0" encoding="utf-8"?><testsuites name="pytest tests"><testsuite name="pytest" errors="0" failures="1" skipped="0" tests="13" time="2.387" timestamp="2026-07-24T12:16:13.908513+00:00" hostname="agent-env-efb806fd-053b-4b27-9b8b-22cc187d290c"><testcase classname="tests.test_iteration5_fixes.TestRootAndAuth" name="test_root_ok" time="0.281" /><testcase classname="tests.test_iteration5_fixes.TestRootAndAuth" name="test_admin_dashboard_no_token_401" time="0.052" /><testcase classname="tests.test_iteration5_fixes.TestRootAndAuth" name="test_admin_dashboard_invalid_token_401" time="0.052" /><testcase classname="tests.test_iteration5_fixes.TestTransactionsNoLeak" name="test_1_no_open_shift_returns_empty" time="0.259" /><testcase classname="tests.test_iteration5_fixes.TestTransactionsNoLeak" name="test_2_open_shift_shows_only_current" time="0.219" /><testcase classname="tests.test_iteration5_fixes.TestTransactionsNoLeak" name="test_3_close_shift_returns_empty_again" time="0.211" /><testcase classname="tests.test_iteration5_fixes.TestTransactionsNoLeak" name="test_4_explicit_shift_id_still_works" time="0.052" /><testcase classname="tests.test_iteration5_fixes.TestIdempotency" name="test_1_setup_shift_and_bank" time="0.435" /><testcase classname="tests.test_iteration5_fixes.TestIdempotency" name="test_2_same_client_id_returns_same_txn_cash" time="0.097" /><testcase classname="tests.test_iteration5_fixes.TestIdempotency" name="test_3_upi_dup_only_increments_bank_once" time="0.346" /><testcase classname="tests.test_iteration5_fixes.TestIdempotency" name="test_4_different_client_id_creates_distinct_txn" time="0.106" /><testcase classname="tests.test_iteration5_fixes.TestIdempotency" name="test_5_omit_client_id_creates_new_each_time" time="0.102"><failure message="assert (200 == 200 and 500 == 200)&#10; +  where 200 = &lt;Response [200]&gt;.status_code&#10; +  and   500 = &lt;Response [500]&gt;.status_code">backend/tests/test_iteration5_fixes.py:244: in test_5_omit_client_id_creates_new_each_time
    assert r1.status_code == 200 and r2.status_code == 200
E   assert (200 == 200 and 500 == 200)
E    +  where 200 = &lt;Response [200]&gt;.status_code
E    +  and   500 = &lt;Response [500]&gt;.status_code</failure></testcase><testcase classname="tests.test_iteration5_fixes.TestIdempotency" name="test_6_cleanup" time="0.102" /></testsuite></testsuites>