<?xml version="1.0" encoding="utf-8"?><testsuites name="pytest tests"><testsuite name="pytest" errors="0" failures="0" skipped="0" tests="5" time="0.909" timestamp="2026-07-24T12:21:53.343824+00:00" hostname="agent-env-efb806fd-053b-4b27-9b8b-22cc187d290c"><testcase classname="tests.test_iteration6_index_and_mix.TestIndex" name="test_partial_index_present_and_legacy_sparse_absent" time="0.009" /><testcase classname="tests.test_iteration6_index_and_mix.TestExplicitRepro" name="test_two_posts_no_client_id_distinct" time="0.411" /><testcase classname="tests.test_iteration6_index_and_mix.TestMixing" name="test_with_then_without_client_id" time="0.092" /><testcase classname="tests.test_iteration6_index_and_mix.TestIdempotencyRegression" name="test_same_client_id_same_txn" time="0.090" /><testcase classname="tests.test_iteration6_index_and_mix.TestIdempotencyRegression" name="test_different_client_ids_distinct" time="0.172" /></testsuite></testsuites>