<?xml version="1.0" encoding="utf-8"?><testsuites name="pytest tests"><testsuite name="pytest" errors="0" failures="0" skipped="0" tests="25" time="1.847" timestamp="2026-07-24T08:18:25.400261+00:00" hostname="agent-env-efb806fd-053b-4b27-9b8b-22cc187d290c"><testcase classname="tests.test_seltrack_backend.TestRoot" name="test_root_returns_seltrack_status" time="0.373" /><testcase classname="tests.test_seltrack_backend.TestStaff" name="test_staff_seeded_defaults" time="0.048" /><testcase classname="tests.test_seltrack_backend.TestStaff" name="test_staff_have_required_fields" time="0.000" /><testcase classname="tests.test_seltrack_backend.TestStaff" name="test_create_staff" time="0.104" /><testcase classname="tests.test_seltrack_backend.TestMeta" name="test_denominations_endpoint" time="0.047" /><testcase classname="tests.test_seltrack_backend.TestShiftFlow" name="test_01_current_shift_none" time="0.046" /><testcase classname="tests.test_seltrack_backend.TestShiftFlow" name="test_02_open_shift_with_denominations" time="0.046" /><testcase classname="tests.test_seltrack_backend.TestShiftFlow" name="test_03_open_second_shift_fails" time="0.045" /><testcase classname="tests.test_seltrack_backend.TestShiftFlow" name="test_04_txn_in_cash_sale" time="0.044" /><testcase classname="tests.test_seltrack_backend.TestShiftFlow" name="test_05_txn_out_expense" time="0.046" /><testcase classname="tests.test_seltrack_backend.TestShiftFlow" name="test_06_txn_adjustment_negative_allowed" time="0.049" /><testcase classname="tests.test_seltrack_backend.TestShiftFlow" name="test_07_txn_in_with_zero_amount_rejected" time="0.045" /><testcase classname="tests.test_seltrack_backend.TestShiftFlow" name="test_08_txn_in_with_negative_amount_rejected" time="0.044" /><testcase classname="tests.test_seltrack_backend.TestShiftFlow" name="test_09_list_transactions_current_shift" time="0.047" /><testcase classname="tests.test_seltrack_backend.TestShiftFlow" name="test_10_current_shift_balance_and_totals" time="0.047" /><testcase classname="tests.test_seltrack_backend.TestShiftFlow" name="test_11_x_report_snapshot" time="0.050" /><testcase classname="tests.test_seltrack_backend.TestShiftFlow" name="test_12_z_report_on_open_shift_returns_400" time="0.044" /><testcase classname="tests.test_seltrack_backend.TestShiftFlow" name="test_13_close_shift_zero_variance" time="0.048" /><testcase classname="tests.test_seltrack_backend.TestShiftFlow" name="test_14_z_report_on_closed_shift" time="0.045" /><testcase classname="tests.test_seltrack_backend.TestShiftFlow" name="test_15_transactions_when_no_open_shift_rejected" time="0.088" /><testcase classname="tests.test_seltrack_backend.TestShiftFlow" name="test_16_list_shifts_sorted_newest_first" time="0.046" /><testcase classname="tests.test_seltrack_backend.TestShiftFlow" name="test_17_get_shift_by_id" time="0.044" /><testcase classname="tests.test_seltrack_backend.TestShiftFlow" name="test_18_daily_report" time="0.046" /><testcase classname="tests.test_seltrack_backend.TestShiftFlow" name="test_19_receipt_numbers_monotonic" time="0.184" /><testcase classname="tests.test_seltrack_backend.TestShiftFlow" name="test_20_iso_datetime_format" time="0.156" /></testsuite></testsuites>