<?xml version="1.0" encoding="utf-8"?><testsuites name="pytest tests"><testsuite name="pytest" errors="0" failures="0" skipped="0" tests="26" time="6.474" timestamp="2026-07-24T11:46:23.566500+00:00" hostname="agent-env-efb806fd-053b-4b27-9b8b-22cc187d290c"><testcase classname="tests.test_seltrack_new_features.TestRoot" name="test_root_ok" time="0.433" /><testcase classname="tests.test_seltrack_new_features.TestAuth" name="test_login_success" time="0.280" /><testcase classname="tests.test_seltrack_new_features.TestAuth" name="test_login_wrong_password" time="0.276" /><testcase classname="tests.test_seltrack_new_features.TestAuth" name="test_me_returns_admin_no_hashes" time="0.341" /><testcase classname="tests.test_seltrack_new_features.TestAuth" name="test_me_without_token_401" time="0.052" /><testcase classname="tests.test_seltrack_new_features.TestAuth" name="test_verify_pin_success" time="0.278" /><testcase classname="tests.test_seltrack_new_features.TestAuth" name="test_verify_pin_wrong_returns_403" time="0.278" /><testcase classname="tests.test_seltrack_new_features.TestAuth" name="test_change_pin_roundtrip" time="1.851" /><testcase classname="tests.test_seltrack_new_features.TestReasons" name="test_reasons_seed_includes_cash_sale" time="0.056" /><testcase classname="tests.test_seltrack_new_features.TestReasons" name="test_create_reason_and_idempotent" time="0.153" /><testcase classname="tests.test_seltrack_new_features.TestBanks" name="test_create_bank_unauth_401" time="0.055" /><testcase classname="tests.test_seltrack_new_features.TestBanks" name="test_create_bank_with_token" time="0.112" /><testcase classname="tests.test_seltrack_new_features.TestBanks" name="test_patch_bank_name" time="0.061" /><testcase classname="tests.test_seltrack_new_features.TestBanks" name="test_delete_bank_deactivates" time="0.171" /><testcase classname="tests.test_seltrack_new_features.TestTxnMethods" name="test_prepare_shift_and_bank" time="0.169" /><testcase classname="tests.test_seltrack_new_features.TestTxnMethods" name="test_upi_in_increases_bank" time="0.128" /><testcase classname="tests.test_seltrack_new_features.TestTxnMethods" name="test_bank_out_decreases_bank" time="0.111" /><testcase classname="tests.test_seltrack_new_features.TestTxnMethods" name="test_cash_in_does_not_touch_bank" time="0.159" /><testcase classname="tests.test_seltrack_new_features.TestTxnMethods" name="test_upi_without_bank_id_rejected" time="0.060" /><testcase classname="tests.test_seltrack_new_features.TestTxnMethods" name="test_current_shift_totals_by_method" time="0.059" /><testcase classname="tests.test_seltrack_new_features.TestTxnMethods" name="test_x_report_totals_by_method" time="0.058" /><testcase classname="tests.test_seltrack_new_features.TestAdminDashboard" name="test_dashboard_unauth_401" time="0.053" /><testcase classname="tests.test_seltrack_new_features.TestAdminDashboard" name="test_dashboard_auth_shape" time="0.057" /><testcase classname="tests.test_seltrack_new_features.TestAdminReset" name="test_reset_wrong_pin_403" time="0.278" /><testcase classname="tests.test_seltrack_new_features.TestAdminReset" name="test_reset_blocked_when_shift_open" time="0.280" /><testcase classname="tests.test_seltrack_new_features.TestAdminReset" name="test_reset_after_shift_close_ok" time="0.488" /></testsuite></testsuites>